<?xml version="1.0" encoding="UTF-8"?>
<!-- Generated by org.testng.reporters.JUnitReportReporter -->
<testsuite hostname="Sagar" failures="0" tests="1" name="com.assingment.test.PlaintiffDefendantExtractor" time="1.251" errors="0" timestamp="2023-03-03T11:02:06 IST" skipped="0">
  <testcase classname="com.assingment.test.PlaintiffDefendantExtractor" name="verifyText" time="1.251"/>
  <system-out/>
</testsuite> <!-- com.assingment.test.PlaintiffDefendantExtractor -->
