<?xml version="1.0" encoding="UTF-8"?>
<!-- Generated by org.testng.reporters.JUnitReportReporter -->
<testsuite hostname="Sagar" failures="0" tests="1" name="com.assingment.test.Paas" time="38.486" errors="0" timestamp="2023-03-02T21:22:01 IST" skipped="0">
  <testcase classname="com.assingment.test.Paas" name="recentLawsuits" time="38.486"/>
  <system-out/>
</testsuite> <!-- com.assingment.test.Paas -->
